<?xml version="1.0" encoding="UTF-8"?>
<testsuites name="TestSuiteGit" time="95" tests="4" failures="0" errors="0">
   <testsuite name="TestSuiteGit" tests="4" failures="0" errors="0" time="95" timestamp="2017-10-24 10:05:55" hostname="angel - W10-PRJ" id="Test Suites/TestSuiteGit">
      <properties>
         <property name="deviceName" value=""/>
         <property name="devicePlatform" value=""/>
         <property name="logFolder" value="C:\\Users\\angel\\git\\testjenkins\\Reports\\TestSuiteGit\\20171024_100550"/>
         <property name="logFiles" value="C:\\Users\\angel\\git\\testjenkins\\Reports\\TestSuiteGit\\20171024_100550\\execution0.log"/>
         <property name="attachments" value=""/>
         <property name="hostName" value="angel - W10-PRJ"/>
         <property name="os" value="Windows 10 64bit"/>
         <property name="katalonVersion" value="4.8.0.2"/>
         <property name="browser" value="Firefox 56.0"/>
         <property name="hostAddress" value="192.168.110.241"/>
         <property name="sessionId" value="5fe35ba8-0f9d-4e80-b294-94c383eb0949"/>
         <property name="seleniumVersion" value="2.53.0"/>
         <property name="proxyInformation" value="ProxyInformation{proxyOption=NO_PROXY, proxyServerType=HTTP, password=, proxyServerAddress=, proxyServerPort=0}"/>
         <property name="platform" value="Windows 10"/>
      </properties>
      <testcase name="Test Cases/TestInicial" classname="Test Cases/TestInicial" status="PASSED">
         <system-out><![CDATA[2017-10-24 10:05:56 - [TEST_CASE][PASSED] - Test Cases/TestInicial: Test Cases/TestInicial

2017-10-24 10:05:57 - [TEST_STEP][PASSED] - openBrowser: Browser is opened with url: 'http://opensource.demo.orangehrmlive.com/'

2017-10-24 10:06:21 - [MESSAGE][PASSED] - Browser is opened with url: 'http://opensource.demo.orangehrmlive.com/'

2017-10-24 10:06:21 - [TEST_STEP][PASSED] - closeBrowser: Browser is closed

2017-10-24 10:06:22 - [MESSAGE][PASSED] - Browser is closed]]></system-out>
         <system-err><![CDATA[]]></system-err>
      </testcase>
      <testcase name="Test Cases/TestInicialRecord" classname="Test Cases/TestInicialRecord" status="PASSED">
         <system-out><![CDATA[2017-10-24 10:06:23 - [TEST_CASE][PASSED] - Test Cases/TestInicialRecord: Test Cases/TestInicialRecord

2017-10-24 10:06:23 - [TEST_STEP][PASSED] - openBrowser: Browser is opened with url: ''

2017-10-24 10:06:38 - [MESSAGE][PASSED] - Browser is opened with url: ''

2017-10-24 10:06:38 - [TEST_STEP][PASSED] - navigateToUrl: Navigate to 'http://demoaut.katalon.com/' successfully

2017-10-24 10:06:42 - [MESSAGE][PASSED] - Navigate to 'http://demoaut.katalon.com/' successfully

2017-10-24 10:06:42 - [TEST_STEP][PASSED] - click: Object: 'Object Repository/ObjetosTestRecord/Page_CURA Healthcare Service/a_Make Appointment' is clicked on

2017-10-24 10:06:44 - [MESSAGE][PASSED] - Object: 'Object Repository/ObjetosTestRecord/Page_CURA Healthcare Service/a_Make Appointment' is clicked on

2017-10-24 10:06:44 - [TEST_STEP][PASSED] - click: Object: 'Object Repository/ObjetosTestRecord/Page_CURA Healthcare Service (1)/button_Login' is clicked on

2017-10-24 10:06:49 - [MESSAGE][PASSED] - Object: 'Object Repository/ObjetosTestRecord/Page_CURA Healthcare Service (1)/button_Login' is clicked on

2017-10-24 10:06:49 - [TEST_STEP][PASSED] - closeBrowser: Browser is closed

2017-10-24 10:06:50 - [MESSAGE][PASSED] - Browser is closed]]></system-out>
         <system-err><![CDATA[]]></system-err>
      </testcase>
      <testcase name="Test Cases/testDeteccionAuto" classname="Test Cases/testDeteccionAuto" status="PASSED">
         <system-out><![CDATA[2017-10-24 10:06:50 - [TEST_CASE][PASSED] - Test Cases/testDeteccionAuto: Test Cases/testDeteccionAuto

2017-10-24 10:06:51 - [TEST_STEP][PASSED] - openBrowser: Browser is opened with url: ''

2017-10-24 10:07:05 - [MESSAGE][PASSED] - Browser is opened with url: ''

2017-10-24 10:07:05 - [TEST_STEP][PASSED] - navigateToUrl: Navigate to 'http://demoaut.katalon.com/' successfully

2017-10-24 10:07:09 - [MESSAGE][PASSED] - Navigate to 'http://demoaut.katalon.com/' successfully

2017-10-24 10:07:10 - [TEST_STEP][PASSED] - click: Object: 'Object Repository/ObjetosTestRecord/Page_CURA Healthcare Service (2)/a_Make Appointment' is clicked on

2017-10-24 10:07:11 - [MESSAGE][PASSED] - Object: 'Object Repository/ObjetosTestRecord/Page_CURA Healthcare Service (2)/a_Make Appointment' is clicked on

2017-10-24 10:07:11 - [TEST_STEP][PASSED] - setText: Text 'Ivan' is set on object 'Object Repository/ObjetosTestRecord/Page_CURA Healthcare Service (3)/input_username'

2017-10-24 10:07:14 - [MESSAGE][PASSED] - Text 'Ivan' is set on object 'Object Repository/ObjetosTestRecord/Page_CURA Healthcare Service (3)/input_username'

2017-10-24 10:07:14 - [TEST_STEP][PASSED] - closeBrowser: Browser is closed

2017-10-24 10:07:15 - [MESSAGE][PASSED] - Browser is closed]]></system-out>
         <system-err><![CDATA[]]></system-err>
      </testcase>
      <testcase name="Test Cases/TestComoUsuarioRemoto" classname="Test Cases/TestComoUsuarioRemoto" status="PASSED">
         <system-out><![CDATA[2017-10-24 10:07:15 - [TEST_CASE][PASSED] - Test Cases/TestComoUsuarioRemoto: Test Cases/TestComoUsuarioRemoto

2017-10-24 10:07:16 - [TEST_STEP][PASSED] - openBrowser: Browser is opened with url: ''

2017-10-24 10:07:30 - [MESSAGE][PASSED] - Browser is opened with url: ''

2017-10-24 10:07:30 - [TEST_STEP][PASSED] - closeBrowser: Browser is closed

2017-10-24 10:07:31 - [MESSAGE][PASSED] - Browser is closed]]></system-out>
         <system-err><![CDATA[]]></system-err>
      </testcase>
      <system-out><![CDATA[2017-10-24 10:05:55 - [TEST_SUITE][PASSED] - TestSuiteGit: Test Cases/TestComoUsuarioRemoto]]></system-out>
      <system-err><![CDATA[]]></system-err>
   </testsuite>
</testsuites>
